<?xml version="1.0" encoding="UTF-8"?>
<testsuite name="foo.bar.MySuperTest" tests="0" skipped="0" failures="0" errors="0" timestamp="1970-01-01T00:00:00" hostname="MacBook-Pro-Kristina.local" time="0.0">
  <properties/>
  <system-out><![CDATA[adding url file:/Users/kristinashandrenko/Desktop/projects/gittest/dev
adding url file:/Users/kristinashandrenko/Desktop/projects/gittest/dev/foo/bar
0    [Test worker] INFO  org.springframework.context.support.ClassPathXmlApplicationContext  - Refreshing org.springframework.context.support.ClassPathXmlApplicationContext@1e3d23c6: startup date [Sun Nov 15 18:17:21 EET 2015]; root of context hierarchy
0      [INFO] org.springframework.context.support.ClassPathXmlApplicationContext - Refreshing org.springframework.context.support.ClassPathXmlApplicationContext@1e3d23c6: startup date [Sun Nov 15 18:17:21 EET 2015]; root of context hierarchy
32   [Test worker] INFO  org.springframework.beans.factory.xml.XmlBeanDefinitionReader  - Loading XML bean definitions from class path resource [Ctx.xml]
32     [INFO] org.springframework.beans.factory.xml.XmlBeanDefinitionReader - Loading XML bean definitions from class path resource [Ctx.xml]
116  [Test worker] INFO  org.springframework.beans.factory.xml.XmlBeanDefinitionReader  - Loading XML bean definitions from class path resource [foo/bar/Ctx2.xml]
116    [INFO] org.springframework.beans.factory.xml.XmlBeanDefinitionReader - Loading XML bean definitions from class path resource [foo/bar/Ctx2.xml]
]]></system-out>
  <system-err><![CDATA[]]></system-err>
</testsuite>
